2023-02-02 11:45:28 : Starting DemoApplication using Java 11.0.10 on Majids-VD with PID 19616 (E:\Test\demo\target\classes started by majids in E:\Test\demo)
2023-02-02 11:45:28 : No active profile set, falling back to 1 default profile: "default"
2023-02-02 11:45:31 : Tomcat initialized with port(s): 8088 (http)
2023-02-02 11:45:31 : Starting service [Tomcat]
2023-02-02 11:45:31 : Starting Servlet engine: [Apache Tomcat/9.0.71]
2023-02-02 11:45:32 : Initializing Spring embedded WebApplicationContext
2023-02-02 11:45:32 : Root WebApplicationContext: initialization completed in 3592 ms
2023-02-02 11:45:32 : Adding welcome page: class path resource [static/index.html]
2023-02-02 11:45:33 : Cannot find template location: classpath:/templates/ (please add some templates, check your Thymeleaf configuration, or set spring.thymeleaf.check-template-location=false)
2023-02-02 11:45:34 : Tomcat started on port(s): 8088 (http) with context path ''
2023-02-02 11:45:34 : Started DemoApplication in 6.799 seconds (JVM running for 12.302)
2023-02-02 11:45:48 : Initializing Spring DispatcherServlet 'dispatcherServlet'
2023-02-02 11:45:48 : Initializing Servlet 'dispatcherServlet'
2023-02-02 11:45:48 : Completed initialization in 2 ms
2023-02-02 11:48:50 : Application shutdown requested.
2023-02-02 11:48:52 : Stopping service [Tomcat]
2023-02-02 11:48:52 : Destroying Spring FrameworkServlet 'dispatcherServlet'
2023-02-02 11:49:51 : Starting DemoApplication using Java 11.0.10 on Majids-VD with PID 18900 (E:\Test\demo\target\classes started by majids in E:\Test\demo)
2023-02-02 11:49:51 : No active profile set, falling back to 1 default profile: "default"
2023-02-02 11:49:59 : Tomcat initialized with port(s): 8088 (http)
2023-02-02 11:49:59 : Starting service [Tomcat]
2023-02-02 11:49:59 : Starting Servlet engine: [Apache Tomcat/9.0.71]
2023-02-02 11:49:59 : Initializing Spring embedded WebApplicationContext
2023-02-02 11:49:59 : Root WebApplicationContext: initialization completed in 7732 ms
2023-02-02 11:50:04 : Adding welcome page: class path resource [static/index.html]
2023-02-02 11:50:06 : Cannot find template location: classpath:/templates/ (please add some templates, check your Thymeleaf configuration, or set spring.thymeleaf.check-template-location=false)
2023-02-02 11:50:08 : Tomcat started on port(s): 8088 (http) with context path ''
2023-02-02 11:50:08 : Started DemoApplication in 22.274 seconds (JVM running for 29.903)
2023-02-02 11:52:00 : Initializing Spring DispatcherServlet 'dispatcherServlet'
2023-02-02 11:52:00 : Initializing Servlet 'dispatcherServlet'
2023-02-02 11:52:00 : Completed initialization in 1 ms
2023-02-02 11:55:47 : Application shutdown requested.
2023-02-02 11:55:48 : Stopping service [Tomcat]
2023-02-02 11:55:48 : Destroying Spring FrameworkServlet 'dispatcherServlet'
2023-02-02 11:56:58 : Starting DemoApplication using Java 11.0.10 on Majids-VD with PID 1324 (E:\Test\demo\target\classes started by majids in E:\Test\demo)
2023-02-02 11:56:58 : No active profile set, falling back to 1 default profile: "default"
2023-02-02 11:57:03 : Tomcat initialized with port(s): 8088 (http)
2023-02-02 11:57:03 : Starting service [Tomcat]
2023-02-02 11:57:03 : Starting Servlet engine: [Apache Tomcat/9.0.71]
2023-02-02 11:57:04 : Initializing Spring embedded WebApplicationContext
2023-02-02 11:57:04 : Root WebApplicationContext: initialization completed in 5909 ms
2023-02-02 11:57:05 : Adding welcome page: class path resource [static/index.html]
2023-02-02 11:57:05 : Cannot find template location: classpath:/templates/ (please add some templates, check your Thymeleaf configuration, or set spring.thymeleaf.check-template-location=false)
2023-02-02 11:57:08 : Tomcat started on port(s): 8088 (http) with context path ''
2023-02-02 11:57:08 : Started DemoApplication in 12.493 seconds (JVM running for 21.712)
2023-02-02 11:58:35 : Initializing Spring DispatcherServlet 'dispatcherServlet'
2023-02-02 11:58:35 : Initializing Servlet 'dispatcherServlet'
2023-02-02 11:58:35 : Completed initialization in 1 ms
2023-02-02 12:04:59 : Application shutdown requested.
2023-02-02 12:05:00 : Stopping service [Tomcat]
2023-02-02 12:05:00 : Destroying Spring FrameworkServlet 'dispatcherServlet'
2023-02-02 13:41:52 : Starting DemoApplication using Java 11.0.10 on Majids-VD with PID 20148 (E:\Test\demo\target\classes started by majids in E:\Test\demo)
2023-02-02 13:41:52 : No active profile set, falling back to 1 default profile: "default"
2023-02-02 13:41:56 : Tomcat initialized with port(s): 8088 (http)
2023-02-02 13:41:56 : Starting service [Tomcat]
2023-02-02 13:41:56 : Starting Servlet engine: [Apache Tomcat/9.0.71]
2023-02-02 13:41:56 : Initializing Spring embedded WebApplicationContext
2023-02-02 13:41:56 : Root WebApplicationContext: initialization completed in 3642 ms
2023-02-02 13:41:57 : Adding welcome page: class path resource [static/index.html]
2023-02-02 13:41:58 : Cannot find template location: classpath:/templates/ (please add some templates, check your Thymeleaf configuration, or set spring.thymeleaf.check-template-location=false)
2023-02-02 13:41:58 : Tomcat started on port(s): 8088 (http) with context path ''
2023-02-02 13:41:58 : Started DemoApplication in 7.879 seconds (JVM running for 11.478)
2023-02-02 13:42:16 : Initializing Spring DispatcherServlet 'dispatcherServlet'
2023-02-02 13:42:16 : Initializing Servlet 'dispatcherServlet'
2023-02-02 13:42:16 : Completed initialization in 2 ms
